---------------------------------------------
Log D:\SteamLibrary\steamapps\common\DayZServer\profiles\script_2023-12-13_12-51-59.log started at 13.12. 12:51:59

SCRIPT       : Registered 343 temporary action enum(s), UAN==343
SCRIPT    (W): @"BasicMap/scripts/3_Game/gui\basicmapmenu.c,556": FIX-ME: Overriding function 'LockControls' but not marked as 'override'
SCRIPT       : ... Backlit Effects Enabled
SCRIPT       : VPPNotificationManager()
SCRIPT       : [VPPAT] Internal VPPNotifications module loaded!
SCRIPT       : [DayZ Game]:: DayZGame(): Initializing V++ Admin Tools.
SCRIPT       : Default Mission: $saves:VPPDebugMissions/Debug.chernarusplus exists!
SCRIPT       : Default Mission: $saves:VPPDebugMissions/Debug.enoch exists!
SCRIPT    (W): @"ModularVestSystem/scripts/4_World/mvs_taco.c,19": Missing ';' at the end of line
SCRIPT    (W): @"CarePackage/Scripts/4_World/playercalledpakcage.c,7": Missing ';' at the end of line
SCRIPT    (W): @"mmg_storage/scripts/4_World/holograms\fridge\holo_fridge_blue.c,15": FIX-ME: Overriding function 'PlaceEntity' but not marked as 'override'
SCRIPT    (W): @"mmg_storage/scripts/4_World/holograms\solo_locker\holo_solo_locker_blue.c,15": FIX-ME: Overriding function 'PlaceEntity' but not marked as 'override'
SCRIPT    (W): @"mmg_storage/scripts/4_World/holograms\solo_locker\holo_solo_locker_medic.c,15": FIX-ME: Overriding function 'PlaceEntity' but not marked as 'override'
SCRIPT    (W): @"mmg_storage/scripts/4_World/holograms\tents\holo_craftable_tent.c,15": FIX-ME: Overriding function 'PlaceEntity' but not marked as 'override'
SCRIPT    (W): @"mmg_storage/scripts/4_World/holograms\locker02\holo_locker02_blue.c,15": FIX-ME: Overriding function 'PlaceEntity' but not marked as 'override'
SCRIPT    (W): @"mmg_storage/scripts/4_World/holograms\solo_locker\holo_solo_locker_purple.c,15": FIX-ME: Overriding function 'PlaceEntity' but not marked as 'override'
SCRIPT    (W): @"mmg_storage/scripts/4_World/holograms\equipment_locker\holo_equipment_locker_green.c,15": FIX-ME: Overriding function 'PlaceEntity' but not marked as 'override'
SCRIPT    (W): @"mmg_storage/scripts/4_World/holograms\gun_rack\holo_gun_rack_green.c,15": FIX-ME: Overriding function 'PlaceEntity' but not marked as 'override'
SCRIPT    (W): @"mmg_storage/scripts/4_World/holograms\gear_stand\gear_stand_holo.c,15": FIX-ME: Overriding function 'PlaceEntity' but not marked as 'override'
SCRIPT    (W): @"mmg_storage/scripts/4_World/holograms\solo_locker\holo_solo_locker_green.c,15": FIX-ME: Overriding function 'PlaceEntity' but not marked as 'override'
SCRIPT    (W): @"mmg_storage/scripts/4_World/holograms\solo_locker\holo_solo_locker_yellow.c,15": FIX-ME: Overriding function 'PlaceEntity' but not marked as 'override'
SCRIPT    (W): @"mmg_storage/scripts/4_World/classes\betterplacement\wall_shelf_base.c,3": FIX-ME: Overriding function 'SoundOpenPlay' but not marked as 'override'
SCRIPT    (W): @"mmg_storage/scripts/4_World/classes\betterplacement\wall_shelf_base.c,9": FIX-ME: Overriding function 'SoundClosePlay' but not marked as 'override'
SCRIPT    (W): @"mmg_storage/scripts/4_World/holograms\gun_rack\lockable\holo_gun_rack_lockable_grey.c,15": FIX-ME: Overriding function 'PlaceEntity' but not marked as 'override'
SCRIPT    (W): @"mmg_storage/scripts/4_World/holograms\locker02\holo_locker02_green.c,15": FIX-ME: Overriding function 'PlaceEntity' but not marked as 'override'
SCRIPT    (W): @"mmg_storage/scripts/4_World/classes\betterplacement\old_safe_base.c,3": FIX-ME: Overriding function 'SoundOpenPlay' but not marked as 'override'
SCRIPT    (W): @"mmg_storage/scripts/4_World/classes\betterplacement\old_safe_base.c,9": FIX-ME: Overriding function 'SoundClosePlay' but not marked as 'override'
SCRIPT    (W): @"mmg_storage/scripts/4_World/classes\betterplacement\supply_crate_base.c,3": FIX-ME: Overriding function 'SoundOpenPlay' but not marked as 'override'
SCRIPT    (W): @"mmg_storage/scripts/4_World/classes\betterplacement\supply_crate_base.c,9": FIX-ME: Overriding function 'SoundClosePlay' but not marked as 'override'
SCRIPT    (W): @"mmg_storage/scripts/4_World/classes\military_case\mmg_military_case_base.c,3": FIX-ME: Overriding function 'SoundOpenPlay' but not marked as 'override'
SCRIPT    (W): @"mmg_storage/scripts/4_World/classes\military_case\mmg_military_case_base.c,9": FIX-ME: Overriding function 'SoundClosePlay' but not marked as 'override'
SCRIPT    (W): @"mmg_storage/scripts/4_World/holograms\gun_rack\holo_gun_rack_tan.c,15": FIX-ME: Overriding function 'PlaceEntity' but not marked as 'override'
SCRIPT    (W): @"mmg_storage/scripts/4_World/holograms\fridge\holo_fridge_beige.c,15": FIX-ME: Overriding function 'PlaceEntity' but not marked as 'override'
SCRIPT    (W): @"mmg_storage/scripts/4_World/holograms\gun_wall\holo_gun_wall_metal.c,15": FIX-ME: Overriding function 'PlaceEntity' but not marked as 'override'
SCRIPT    (W): @"mmg_storage/scripts/4_World/garden\holo_planter_box.c,15": FIX-ME: Overriding function 'PlaceEntity' but not marked as 'override'
SCRIPT    (W): @"mmg_storage/scripts/4_World/holograms\equipment_locker\holo_equipment_locker_grey.c,15": FIX-ME: Overriding function 'PlaceEntity' but not marked as 'override'
SCRIPT    (W): @"mmg_storage/scripts/4_World/holograms\gun_wall\holo_gun_wall_wooden.c,15": FIX-ME: Overriding function 'PlaceEntity' but not marked as 'override'
SCRIPT    (W): @"mmg_storage/scripts/4_World/holograms\gun_rack\holo_gun_rack_blue.c,15": FIX-ME: Overriding function 'PlaceEntity' but not marked as 'override'
SCRIPT    (W): @"mmg_storage/scripts/4_World/holograms\locker02\holo_locker02_tan.c,15": FIX-ME: Overriding function 'PlaceEntity' but not marked as 'override'
SCRIPT    (W): @"mmg_storage/scripts/4_World/holograms\solo_locker\holo_solo_locker_red.c,15": FIX-ME: Overriding function 'PlaceEntity' but not marked as 'override'
SCRIPT    (W): @"mmg_storage/scripts/4_World/garden\holo_greenhouse.c,15": FIX-ME: Overriding function 'PlaceEntity' but not marked as 'override'
SCRIPT    (W): @"mmg_storage/scripts/4_World/holograms\solo_locker\holo_solo_locker_grey.c,15": FIX-ME: Overriding function 'PlaceEntity' but not marked as 'override'
SCRIPT    (W): @"mmg_storage/scripts/4_World/holograms\equipment_locker\holo_equipment_locker_black.c,15": FIX-ME: Overriding function 'PlaceEntity' but not marked as 'override'
SCRIPT    (W): @"UnlimitedStamina/4_World/classes\staminahandler.c,3": FIX-ME: Overriding function 'Update' but not marked as 'override'
SCRIPT    (W): @"VPPAdminTools/4_World/vppadmintools\plugins\pluginbase\webhooksmanager\classes\messagetypes\joinleavemessage.c,7": Possible variable name conflict 'guid'
SCRIPT    (W): @"VPPAdminTools/4_World/vppadmintools\plugins\pluginbase\webhooksmanager\classes\messagetypes\joinleavemessage.c,7": Possible variable name conflict 'details'
SCRIPT    (W): @"mmg_storage/scripts/4_World/classes\army_box\mmg_army_box_base.c,3": FIX-ME: Overriding function 'SoundOpenPlay' but not marked as 'override'
SCRIPT    (W): @"mmg_storage/scripts/4_World/classes\army_box\mmg_army_box_base.c,9": FIX-ME: Overriding function 'SoundClosePlay' but not marked as 'override'
SCRIPT    (W): @"mmg_storage/scripts/4_World/classes\betterplacement\armored_cabinet_base.c,3": FIX-ME: Overriding function 'SoundOpenPlay' but not marked as 'override'
SCRIPT    (W): @"mmg_storage/scripts/4_World/classes\betterplacement\armored_cabinet_base.c,9": FIX-ME: Overriding function 'SoundClosePlay' but not marked as 'override'
SCRIPT    (W): @"mmg_storage/scripts/4_World/classes\betterplacement\weapon_crate_base.c,3": FIX-ME: Overriding function 'SoundOpenPlay' but not marked as 'override'
SCRIPT    (W): @"mmg_storage/scripts/4_World/classes\betterplacement\weapon_crate_base.c,9": FIX-ME: Overriding function 'SoundClosePlay' but not marked as 'override'
SCRIPT    (W): @"CodeLock/scripts/4_world/gui\setcodemenu.c,31": FIX-ME: Overriding function 'CheckState' but not marked as 'override'
SCRIPT    (W): @"VPPAdminTools/4_World/vppadmintools\plugins\pluginbase\webhooksmanager\classes\webhookmessagebase.c,53": Possible variable name conflict 'title'
SCRIPT    (W): @"VPPAdminTools/4_World/vppadmintools\plugins\pluginbase\webhooksmanager\classes\webhookmessagebase.c,53": Possible variable name conflict 'color'
SCRIPT    (W): @"mmg_storage/scripts/4_World/classes\betterplacement\mmg_solo_locker_base.c,13": FIX-ME: Overriding function 'SoundOpenPlay' but not marked as 'override'
SCRIPT    (W): @"mmg_storage/scripts/4_World/classes\betterplacement\mmg_solo_locker_base.c,19": FIX-ME: Overriding function 'SoundClosePlay' but not marked as 'override'
SCRIPT    (W): @"CeasefireRP_Vehicles/Rvpost/scripts/4_world/rvpost\actions\actionopenarbusdoors.c,131": Possible variable name conflict 'm_AnimSource'
SCRIPT    (W): @"CodeLock/scripts/4_world/gui\guestcodemenu.c,29": FIX-ME: Overriding function 'SendRPC' but not marked as 'override'
SCRIPT    (W): @"mmg_storage/scripts/4_World/classes\betterplacement\mmg_locker02_base.c,13": FIX-ME: Overriding function 'SoundOpenPlay' but not marked as 'override'
SCRIPT    (W): @"mmg_storage/scripts/4_World/classes\betterplacement\mmg_locker02_base.c,19": FIX-ME: Overriding function 'SoundClosePlay' but not marked as 'override'
SCRIPT    (W): @"TabletHacking/scripts/4_World/classes\useractionscomponent\actions\continous\actionhackcodelock.c,73": FIX-ME: Overriding function 'OnFinishProgressClient' but not marked as 'override'
SCRIPT    (W): @"mmg_storage/scripts/4_World/classes\betterplacement\mmg_locker_base.c,13": FIX-ME: Overriding function 'SoundOpenPlay' but not marked as 'override'
SCRIPT    (W): @"mmg_storage/scripts/4_World/classes\betterplacement\mmg_locker_base.c,19": FIX-ME: Overriding function 'SoundClosePlay' but not marked as 'override'
SCRIPT    (W): @"mmg_storage/scripts/4_World/classes\betterplacement\supply_crate_unfinished_base.c,3": FIX-ME: Overriding function 'SoundOpenPlay' but not marked as 'override'
SCRIPT    (W): @"mmg_storage/scripts/4_World/classes\betterplacement\supply_crate_unfinished_base.c,9": FIX-ME: Overriding function 'SoundClosePlay' but not marked as 'override'
SCRIPT    (W): @"mmg_storage/scripts/4_World/classes\fridge\fridge_minsk_base.c,48": FIX-ME: Overriding function 'SoundOpenPlay' but not marked as 'override'
SCRIPT    (W): @"mmg_storage/scripts/4_World/classes\fridge\fridge_minsk_base.c,54": FIX-ME: Overriding function 'SoundClosePlay' but not marked as 'override'
SCRIPT    (W): @"CodeLock/scripts/4_world/gui\claimcodemenu.c,27": FIX-ME: Overriding function 'SendRPC' but not marked as 'override'
SCRIPT    (W): @"CodeLock/scripts/4_world/gui\entercodemenu.c,37": FIX-ME: Overriding function 'SendRPC' but not marked as 'override'
SCRIPT    (W): @"CodeLock/scripts/4_world/actions\continuous\actiondestroycodelockontent.c,73": Possible variable name conflict '_Health'
SCRIPT    (W): @"CodeLock/scripts/4_world/actions\continuous\actiondestroycodelockonfence.c,67": Possible variable name conflict '_Health'
SCRIPT    (W): @"mmg_storage/scripts/4_World/actions\lock\actioninteractlock_mmg.c,74": Unsafe down-casting, use 'EntityAI.Cast' for safe down-casting
SCRIPT    (W): @"mmg_storage/scripts/4_World/actions\lock\actioninteractlock_mmg.c,88": Unsafe down-casting, use 'ItemBase.Cast' for safe down-casting
SCRIPT    (W): @"mmg_storage/scripts/4_World/actions\lock\actioninteractlock_mmg.c,93": Unsafe down-casting, use 'ItemBase.Cast' for safe down-casting
SCRIPT    (W): @"mmg_storage/scripts/4_World/actions\lock\actiondestroycodelock_mmg.c,71": Possible variable name conflict '_maxHealth'
SCRIPT    (W): @"mmg_storage/scripts/4_World/actions\lock\actiondestroycodelock_mmg.c,77": Possible variable name conflict '_Health'
SCRIPT    (W): @"StreetLighting\scripts\4_World/entities\building\streetlightingbattery.c,17": Unsafe down-casting, use 'ItemBase.Cast' for safe down-casting
SCRIPT    (W): @"VPPAdminTools/4_World/vppadmintools\plugins\pluginbase\chatcommandmanager\classes\chatmodules\argumentcommands\spawning\spawnongroundmodule.c,32": FIX-ME: Undefined function 'ItemBase.SetupSpawnedItem'
SCRIPT    (W): @"VPPAdminTools/4_World/vppadmintools\plugins\pluginbase\itemmanager\itemmanager.c,225": FIX-ME: Undefined function 'ItemBase.SetupSpawnedItem'
SCRIPT    (W): @"VPPAdminTools/4_World/vppadmintools\plugins\pluginbase\admintools\admintools.c,60": No need to use 'Cast' for up-casting
SCRIPT    (W): @"BuildingFortifications/scripts/4_World/actions\instant\actionmanagelockondoor.c,201": Possible variable name conflict '_Health'
SCRIPT    (W): @"BuildingFortifications/scripts/4_World/actions\instant\actionopenbuildingcore.c,112": No need to use 'Cast' for up-casting
SCRIPT    (W): @"BuildingFortifications/scripts/4_World/actions\instant\actionopenbuildingcore.c,115": No need to use 'Cast' for up-casting
SCRIPT    (W): @"ParagonStorage/scripts/4_World/codelock\actions\dmp_actioninteractlock.c,85": Unsafe down-casting, use 'ItemBase.Cast' for safe down-casting
SCRIPT    (W): @"ParagonStorage/scripts/4_World/codelock\actions\dmp_actioninteractlock.c,90": Unsafe down-casting, use 'ItemBase.Cast' for safe down-casting
SCRIPT    (W): @"ParagonStorage/scripts/4_World/codelock\actions\dmp_actiondestroycodelock.c,75": Possible variable name conflict '_Health'
SCRIPT    (W): @"UnlimitedStamina/5_Mission/missiongameplay.c,5": Missing ';' at the end of line
SCRIPT    (W): @"VPPAdminTools/5_Mission/vppadmintools\gui\submenus\menuobjectmanager\menuobjectmanager.c,203": Missing ';' at the end of line
SCRIPT    (W): @"NatureOverhaul/scripts/5_mission/natureoverhaul8.c,821": FIX-ME: Overriding function 'SpawnObject' but not marked as 'override'
SCRIPT    (W): @"NatureOverhaul/scripts/5_mission/natureoverhaul5.c,965": FIX-ME: Overriding function 'SpawnObject' but not marked as 'override'
SCRIPT    (W): @"NatureOverhaul/scripts/5_mission/natureoverhaul2.c,900": FIX-ME: Overriding function 'SpawnObject' but not marked as 'override'
SCRIPT    (W): @"NatureOverhaul/scripts/5_mission/natureoverhaul7.c,599": FIX-ME: Overriding function 'SpawnObject' but not marked as 'override'
SCRIPT    (W): @"NatureOverhaul/scripts/5_mission/natureoverhaul.c,998": FIX-ME: Overriding function 'SpawnObject' but not marked as 'override'
SCRIPT    (W): @"NatureOverhaul/scripts/5_mission/natureoverhaul4.c,801": FIX-ME: Overriding function 'SpawnObject' but not marked as 'override'
SCRIPT    (W): @"NatureOverhaul/scripts/5_mission/natureoverhaul9.c,1185": FIX-ME: Overriding function 'SpawnObject' but not marked as 'override'
SCRIPT    (W): @"NatureOverhaul/scripts/5_mission/natureoverhaul1.c,1069": FIX-ME: Overriding function 'SpawnObject' but not marked as 'override'
SCRIPT    (W): @"NatureOverhaul/scripts/5_mission/natureoverhaul6.c,739": FIX-ME: Overriding function 'SpawnObject' but not marked as 'override'
SCRIPT    (W): @"VPPAdminTools/5_Mission/vppadmintools\gui\submenus\menuitemmanager\menuitemmanager.c,201": FIX-ME: Undefined function 'DayZGame.GetMousePos'
SCRIPT    (W): @"VPPAdminTools/5_Mission/vppadmintools\gui\uihelpers\mouseevents\vppmouseeventbase.c,53": FIX-ME: Undefined function 'CGame.GetMouseState'
SCRIPT    (W): @"VPPAdminTools/5_Mission/vppadmintools\gui\vppadminhud.c,126": Unsafe down-casting, use 'MenuObjectManager.Cast' for safe down-casting
SCRIPT    (W): @"VPPAdminTools/5_Mission/vppadmintools\gui\submenus\menuesptools\esptoolsmenu.c,580": Unsafe down-casting, use 'EntityAI.Cast' for safe down-casting
SCRIPT    (W): @"VPPAdminTools/5_Mission/vppadmintools\gui\uihelpers\infoboxinstance.c,61": FIX-ME: Undefined function 'DayZGame.GetMousePos'
SCRIPT    (W): @"VPPAdminTools/5_Mission/vppadmintools\gui\uihelpers\mouseevents\vppholdleftclickevent.c,13": FIX-ME: Undefined function 'CGame.GetMouseState'
SCRIPT    (W): @"VPPAdminTools/5_Mission/vppadmintools\gui\uihelpers\tooltiphandler.c,38": FIX-ME: Undefined function 'DayZGame.GetMousePos'
SCRIPT    (W): @"VPPAdminTools/5_Mission/vppadmintools\gui\submenus\menuplayermanager\menuplayermanager.c,71": FIX-ME: Callbacks do not properly support overloaded methods 'OnUpdate'
SCRIPT    (W): @"VPPAdminTools/5_Mission/vppadmintools\gui\vppuimanager.c,183": FIX-ME: Undefined function 'CGame.GetMouseState'
SCRIPT    (W): @"VPPAdminTools/5_Mission/vppadmintools\missiondebug.c,38": Unsafe down-casting, use 'PlayerBase.Cast' for safe down-casting
SCRIPT    (W): @"VPPAdminTools/5_Mission/vppadmintools\gui\submenus\menuobjectmanager\menuobjectmanager.c,862": FIX-ME: Undefined function 'DayZGame.GetMousePos'
SCRIPT    (W): @"VPPAdminTools/5_Mission/vppadmintools\gui\submenus\menuxmleditor\menuxmleditor.c,264": FIX-ME: Undefined function 'DayZGame.GetMousePos'
SCRIPT    (W): @"CarePackage/Scripts/5_Mission/carepackagebase.c,112": FIX-ME: Undefined function 'EntityAI.dBodyActive'
SCRIPT    (W): @"CarePackage/Scripts/5_Mission/carepackagebase.c,244": FIX-ME: Undefined function 'EntityAI.SetVelocity'
SCRIPT       : Vanilla++ AdminTools Plugins Registering..
SCRIPT       : [BasicMap] Init Server
SCRIPT       : [CarePackage] Initializing CarePackage MOD...
SCRIPT       : [FlyingBirds] 'FB_Settings' found, loaded config
SCRIPT       : Nature3
SCRIPT       : Nature8
SCRIPT       : Nature5
SCRIPT       : Nature2
SCRIPT       : Nature7
SCRIPT       : Nature
SCRIPT       : Nature4
SCRIPT       : Nature9
SCRIPT       : Nature1
SCRIPT       : Nature6
SCRIPT       : [TabletHacking] OnInit
SCRIPT       : [TabletHacking] Init
SCRIPT       : [MissionServer] OnInit - Server
SCRIPT       : [CarePackage] Loading Config File
SCRIPT       : [CarePackage] Config Sucessfully Loaded!
SCRIPT       : [MissionServer] OnMissionStart - Server
SCRIPT       : string dirtyName = 'TheUndeadWildlife'
SCRIPT       : [wpnfsm] Warning! OnStoreLoad - cannot load curent weapon state, id=0
SCRIPT       : [wpnfsm] Warning! OnStoreLoad - cannot load curent weapon state, id=0
SCRIPT       : [wpnfsm] Warning! OnStoreLoad - cannot load curent weapon state, id=0
SCRIPT       : [wpnfsm] Warning! OnStoreLoad - cannot load curent weapon state, id=0
SCRIPT       : [wpnfsm] Warning! OnStoreLoad - cannot load curent weapon state, id=0
SCRIPT       : [wpnfsm] Warning! OnStoreLoad - cannot load curent weapon state, id=0
SCRIPT       : [wpnfsm] Warning! OnStoreLoad - cannot load curent weapon state, id=0
SCRIPT       : [wpnfsm] Warning! OnStoreLoad - cannot load curent weapon state, id=0
SCRIPT       : [wpnfsm] Warning! OnStoreLoad - cannot load curent weapon state, id=0
SCRIPT       : [wpnfsm] Warning! OnStoreLoad - cannot load curent weapon state, id=0
SCRIPT       : [wpnfsm] Warning! OnStoreLoad - cannot load curent weapon state, id=0
SCRIPT       : [wpnfsm] Warning! OnStoreLoad - cannot load curent weapon state, id=0
SCRIPT       : [wpnfsm] Warning! OnStoreLoad - cannot load curent weapon state, id=0
SCRIPT       : [wpnfsm] Warning! OnStoreLoad - cannot load curent weapon state, id=0
SCRIPT       : m_LoginTimeMs: 1200
SCRIPT       : ---- PlayerBase OnStoreLoad SUCCESS ----
SCRIPT       : [VPPAT] Player "Prometheus" (steamId=76561198958650919) connected to server!
SCRIPT       : [PlayerListManager] AddReceiver ► added: PlayerIdentity<9827dd40>
SCRIPT       : ---- PlayerBase OnStoreLoad SUCCESS ----
SCRIPT       : [VPPAT] Player "Foxy DJ" (steamId=76561198004438499) connected to server!
SCRIPT       : [PlayerListManager] AddReceiver ► added: PlayerIdentity<3d8d0d40>
SCRIPT       : [Permissions Manager] Admin (Foxy DJ) (76561198004438499) Successfully Logged in!
SCRIPT       : [Permissions Manager] Admin (Prometheus) (76561198958650919) Successfully Logged in!
SCRIPT       : [Logout]: New player dB4jE_hZUk_h0dqq1T6MA1J7lCA--9G5-cWFgqpCLpk= with logout time 5
SCRIPT       : Player "Prometheus" (steamid=76561198958650919) initiated disconnect process...
SCRIPT       : Player "Prometheus" (steamid=76561198958650919) disconnected early from server (EXIT NOW).
SCRIPT       : [Logout]: Player dB4jE_hZUk_h0dqq1T6MA1J7lCA--9G5-cWFgqpCLpk= finished
SCRIPT       : Player "Prometheus" (steamid=76561198958650919) disconnected from server.
SCRIPT       : [PlayerListManager] SyncEntryToReceivers ► uid: dB4jE_hZUk_h0dqq1T6MA1J7lCA--9G5-cWFgqpCLpk= isn't in the players list! sending a remove.
SCRIPT       : HandleOnPlayerDisconnected -> PlayerListManager.RemoveEntry ► dB4jE_hZUk_h0dqq1T6MA1J7lCA--9G5-cWFgqpCLpk=
